<html>
<head>
<title>TestNG:  Default test</title>
<link href="../testng.css" rel="stylesheet" type="text/css" />
<link href="../my-testng.css" rel="stylesheet" type="text/css" />

<style type="text/css">
.log { display: none;} 
.stack-trace { display: none;} 
</style>
<script type="text/javascript">
<!--
function flip(e) {
  current = e.style.display;
  if (current == 'block') {
    e.style.display = 'none';
    return 0;
  }
  else {
    e.style.display = 'block';
    return 1;
  }
}

function toggleBox(szDivId, elem, msg1, msg2)
{
  var res = -1;  if (document.getElementById) {
    res = flip(document.getElementById(szDivId));
  }
  else if (document.all) {
    // this is the way old msie versions work
    res = flip(document.all[szDivId]);
  }
  if(elem) {
    if(res == 0) elem.innerHTML = msg1; else elem.innerHTML = msg2;
  }

}

function toggleAllBoxes() {
  if (document.getElementsByTagName) {
    d = document.getElementsByTagName('div');
    for (i = 0; i < d.length; i++) {
      if (d[i].className == 'log') {
        flip(d[i]);
      }
    }
  }
}

// -->
</script>

</head>
<body>
<h2 align='center'>Default test</h2><table border='1' align="center">
<tr>
<td>Tests passed/Failed/Skipped:</td><td>6/1/0</td>
</tr><tr>
<td>Started on:</td><td>Mon Sep 26 16:38:33 CST 2016</td>
</tr>
<tr><td>Total time:</td><td>1 seconds (1979 ms)</td>
</tr><tr>
<td>Included groups:</td><td></td>
</tr><tr>
<td>Excluded groups:</td><td></td>
</tr>
</table><p/>
<small><i>(Hover the method name to see the test class name)</i></small><p/>
<table width='100%' border='1' class='invocation-failed'>
<tr><td colspan='4' align='center'><b>FAILED TESTS</b></td></tr>
<tr><td><b>Test method</b></td>
<td width="30%"><b>Exception</b></td>
<td width="10%"><b>Time (seconds)</b></td>
<td><b>Instance</b></td>
</tr>
<tr>
<td title='com.yanxiu.test.TestLogin.testLogin()'><b>testLogin</b><br>Test class: com.yanxiu.test.TestLogin<br>Parameters: testLoginwithCorrectInfo, http://u.yanxiu.com/login.json, GET, loginName=XY02735506@yanxiu.com&password=123456&token=, {"$schema":"http://json-schema.org/draft-04/schema#","type":"object","properties":{"head":{"type":"string"},"uid":{"type":"integer"},"code":{"type":"integer","enum":[1]},"debug":{"type":"string"},"data":{"type":"string"},"uname":{"type":"string"},"actiFlag":{"type":"integer"},"desc":{"type":"string"},"token":{"type":"string"}},"required":["code","data","desc","token","actiFlag","uid","uname","head","debug"]}</td>
<td><div><pre>java.lang.AssertionError: com.github.fge.jsonschema.core.report.ListProcessingReport: failure
--- BEGIN MESSAGES ---
error: instance value (0) not found in enum (possible values: [1])
    level: &quot;error&quot;
    schema: {&quot;loadingURI&quot;:&quot;#&quot;,&quot;pointer&quot;:&quot;/properties/code&quot;}
    instance: {&quot;pointer&quot;:&quot;/code&quot;}
    domain: &quot;validation&quot;
    keyword: &quot;enum&quot;
    value: 0
    enum: [1]
---  END MESSAGES  ---
 expected [true] but found [false]
	at org.testng.Assert.fail(Assert.java:94)
	at org.testng.Assert.failNotEquals(Assert.java:513)
	at org.testng.Assert.assertTrue(Assert.java:42)
	at com.yanxiu.test.BaseCase.runCase(BaseCase.java:190)
	at com.yanxiu.test.TestLogin.testLogin(TestLogin.java:193)
	at sun.reflect.NativeMethodAccessorImpl.invoke0(Native Method)
	at sun.reflect.NativeMethodAccessorImpl.invoke(NativeMethodAccessorImpl.java:62)
	at sun.reflect.DelegatingMethodAccessorImpl.invoke(DelegatingMethodAccessorImpl.java:43)
	at java.lang.reflect.Method.invoke(Method.java:498)
	at org.testng.internal.MethodInvocationHelper.invokeMethod(MethodInvocationHelper.java:100)
	at org.testng.internal.Invoker.invokeMethod(Invoker.java:646)
	at org.testng.internal.Invoker.invokeTestMethod(Invoker.java:811)
	at org.testng.internal.Invoker.invokeTestMethods(Invoker.java:1129)
	at org.testng.internal.TestMethodWorker.invokeTestMethods(TestMethodWorker.java:129)
	at org.testng.internal.TestMethodWorker.run(TestMethodWorker.java:112)
	at org.testng.TestRunner.privateRun(TestRunner.java:746)
	at org.testng.TestRunner.run(TestRunner.java:600)
	at org.testng.SuiteRunner.runTest(SuiteRunner.java:366)
	at org.testng.SuiteRunner.runSequentially(SuiteRunner.java:361)
	at org.testng.SuiteRunner.privateRun(SuiteRunner.java:319)
	at org.testng.SuiteRunner.run(SuiteRunner.java:268)
	at org.testng.SuiteRunnerWorker.runSuite(SuiteRunnerWorker.java:52)
	at org.testng.SuiteRunnerWorker.run(SuiteRunnerWorker.java:86)
	at org.testng.TestNG.runSuitesSequentially(TestNG.java:1264)
	at org.testng.TestNG.runSuitesLocally(TestNG.java:1189)
	at org.testng.TestNG.runSuites(TestNG.java:1104)
	at org.testng.TestNG.run(TestNG.java:1076)
	at org.testng.remote.AbstractRemoteTestNG.run(AbstractRemoteTestNG.java:126)
	at org.testng.remote.RemoteTestNG.initAndRun(RemoteTestNG.java:152)
	at org.testng.remote.RemoteTestNG.main(RemoteTestNG.java:57)
</pre></div><a href='#' onClick='toggleBox("stack-trace1659840424", this, "Click to show all stack frames", "Click to hide stack frames")'>Click to show all stack frames</a>
<div class='stack-trace' id='stack-trace1659840424'><pre>java.lang.AssertionError: com.github.fge.jsonschema.core.report.ListProcessingReport: failure
--- BEGIN MESSAGES ---
error: instance value (0) not found in enum (possible values: [1])
    level: &quot;error&quot;
    schema: {&quot;loadingURI&quot;:&quot;#&quot;,&quot;pointer&quot;:&quot;/properties/code&quot;}
    instance: {&quot;pointer&quot;:&quot;/code&quot;}
    domain: &quot;validation&quot;
    keyword: &quot;enum&quot;
    value: 0
    enum: [1]
---  END MESSAGES  ---
 expected [true] but found [false]
	at org.testng.Assert.fail(Assert.java:94)
	at org.testng.Assert.failNotEquals(Assert.java:513)
	at org.testng.Assert.assertTrue(Assert.java:42)
	at com.yanxiu.test.BaseCase.runCase(BaseCase.java:190)
	at com.yanxiu.test.TestLogin.testLogin(TestLogin.java:193)
	at sun.reflect.NativeMethodAccessorImpl.invoke0(Native Method)
	at sun.reflect.NativeMethodAccessorImpl.invoke(NativeMethodAccessorImpl.java:62)
	at sun.reflect.DelegatingMethodAccessorImpl.invoke(DelegatingMethodAccessorImpl.java:43)
	at java.lang.reflect.Method.invoke(Method.java:498)
	at org.testng.internal.MethodInvocationHelper.invokeMethod(MethodInvocationHelper.java:100)
	at org.testng.internal.Invoker.invokeMethod(Invoker.java:646)
	at org.testng.internal.Invoker.invokeTestMethod(Invoker.java:811)
	at org.testng.internal.Invoker.invokeTestMethods(Invoker.java:1129)
	at org.testng.internal.TestMethodWorker.invokeTestMethods(TestMethodWorker.java:129)
	at org.testng.internal.TestMethodWorker.run(TestMethodWorker.java:112)
	at org.testng.TestRunner.privateRun(TestRunner.java:746)
	at org.testng.TestRunner.run(TestRunner.java:600)
	at org.testng.SuiteRunner.runTest(SuiteRunner.java:366)
	at org.testng.SuiteRunner.runSequentially(SuiteRunner.java:361)
	at org.testng.SuiteRunner.privateRun(SuiteRunner.java:319)
	at org.testng.SuiteRunner.run(SuiteRunner.java:268)
	at org.testng.SuiteRunnerWorker.runSuite(SuiteRunnerWorker.java:52)
	at org.testng.SuiteRunnerWorker.run(SuiteRunnerWorker.java:86)
	at org.testng.TestNG.runSuitesSequentially(TestNG.java:1264)
	at org.testng.TestNG.runSuitesLocally(TestNG.java:1189)
	at org.testng.TestNG.runSuites(TestNG.java:1104)
	at org.testng.TestNG.run(TestNG.java:1076)
	at org.testng.remote.AbstractRemoteTestNG.run(AbstractRemoteTestNG.java:126)
	at org.testng.remote.RemoteTestNG.initAndRun(RemoteTestNG.java:152)
	at org.testng.remote.RemoteTestNG.main(RemoteTestNG.java:57)
</pre></div></td>
<td>1</td>
<td>com.yanxiu.test.TestLogin@5f2108b5</td></tr>
</table><p>
<table width='100%' border='1' class='invocation-passed'>
<tr><td colspan='4' align='center'><b>PASSED TESTS</b></td></tr>
<tr><td><b>Test method</b></td>
<td width="30%"><b>Exception</b></td>
<td width="10%"><b>Time (seconds)</b></td>
<td><b>Instance</b></td>
</tr>
<tr>
<td title='com.yanxiu.test.TestLogin.testLogin()'><b>testLogin</b><br>Test class: com.yanxiu.test.TestLogin<br>Parameters: testLoginwithIncorrectPassword, http://u.yanxiu.com/login.json, GET, loginName=XY02735506@yanxiu.com&password=12345&token=, {"$schema":"http://json-schema.org/draft-04/schema#","type":"object","properties":{"code":{"type":"integer","enum":[1]},"data":{"type":"string"},"desc":{"type":"string","enum":["密码错误"]}},"required":["code","data","desc"]}</td>
<td></td>
<td>0</td>
<td>com.yanxiu.test.TestLogin@5f2108b5</td></tr>
<tr>
<td title='com.yanxiu.test.TestLogin.testLogin()'><b>testLogin</b><br>Test class: com.yanxiu.test.TestLogin<br>Parameters: testLoginwithNonExistUser, http://u.yanxiu.com/login.json, GET, loginName=XY78&password=123456&token=, {"$schema":"http://json-schema.org/draft-04/schema#","type":"object","properties":{"code":{"type":"integer","enum":[1]},"data":{"type":"string"},"desc":{"type":"string","enum":["用户不存在"]}},"required":["code","data","desc"]}</td>
<td></td>
<td>0</td>
<td>com.yanxiu.test.TestLogin@5f2108b5</td></tr>
<tr>
<td title='com.yanxiu.test.TestLogin.testLogin()'><b>testLogin</b><br>Test class: com.yanxiu.test.TestLogin<br>Parameters: testLoginWithoutLoginName, http://u.yanxiu.com/login.json, GET, password=123456&token=, {"$schema":"http://json-schema.org/draft-04/schema#","type":"object","properties":{"code":{"type":"integer","enum":[1]},"data":{"type":"string"},"desc":{"type":"string","enum":["登录名和密码必填"]}},"required":["code","data","desc"]}</td>
<td></td>
<td>0</td>
<td>com.yanxiu.test.TestLogin@5f2108b5</td></tr>
<tr>
<td title='com.yanxiu.test.TestLogin.testLogin()'><b>testLogin</b><br>Test class: com.yanxiu.test.TestLogin<br>Parameters: testLoginWithoutPassword, http://u.yanxiu.com/login.json, GET, loginName=XY02735506@yanxiu.com&token=, {"$schema":"http://json-schema.org/draft-04/schema#","type":"object","properties":{"code":{"type":"integer","enum":[1]},"data":{"type":"string"},"desc":{"type":"string","enum":["登录名和密码必填"]}},"required":["code","data","desc"]}</td>
<td></td>
<td>0</td>
<td>com.yanxiu.test.TestLogin@5f2108b5</td></tr>
<tr>
<td title='com.yanxiu.test.TestTrainList.testTrainList()'><b>testTrainList</b><br>Test class: com.yanxiu.test.TestTrainList<br>Parameters: testTrainMultiProjects, http://mobile.yanxiu.com/v20/api/guopei/trainlist, GET, os=0&ver=2.0&token=5372dd841e2ca489c6ec92c0dcc51fed, {"$schema":"http://json-schema.org/draft-04/schema#","type":"object","properties":{"code":{"type":"string","enum":["0"]},"debugDesc":{"type":"string"},"BaseBeanCreateTime":{"type":"integer"},"body":{"type":"object","properties":{"total":{"type":"string"},"trains":{"type":"array","items":{"type":"object","properties":{"w":{"type":"string","enum":["1","2","3","4"]},"name":{"type":"string"},"BaseBeanCreateTime":{"type":"integer"},"pid":{"type":"string"},"pic":{"type":"string"},"status":{"type":"string"}},"required":["BaseBeanCreateTime","pid","name","pic","w","status"]}}},"required":["total","trains"]},"desc":{"type":"string","enum":["返回数据成功"]}},"required":["BaseBeanCreateTime","code","debugDesc","desc","body"]}</td>
<td></td>
<td>0</td>
<td>com.yanxiu.test.TestTrainList@31a5c39e</td></tr>
<tr>
<td title='com.yanxiu.test.TestTrainList.testTrainList()'><b>testTrainList</b><br>Test class: com.yanxiu.test.TestTrainList<br>Parameters: testTrainHasNoProject, http://mobile.yanxiu.com/v20/api/guopei/trainlist, GET, os=0&ver=2.0&token=b7458e92c55c295b1e7030ae79dcfe6a, {"$schema":"http://json-schema.org/draft-04/schema#","type":"object","properties":{"code":{"type":"string"},"debugDesc":{"type":"string"},"BaseBeanCreateTime":{"type":"integer"},"body":{"type":"object","properties":{"total":{"type":"string","enum":["0"]},"trains":{"type":"array","items":{},"maxLength":0}},"required":["total","trains"]},"desc":{"type":"string"}},"required":["BaseBeanCreateTime","code","debugDesc","desc","body"]}</td>
<td></td>
<td>0</td>
<td>com.yanxiu.test.TestTrainList@31a5c39e</td></tr>
</table><p>
</body>
</html>